<?xml version="1.0" encoding="UTF-8"?>
<!-- Generated by org.testng.reporters.JUnitReportReporter -->
<testsuite hostname="DESKTOP-HR7I1GP" name="AmazonTestID.AgileCockpit.AppleWatch" tests="1" failures="0" timestamp="19 Mar 2019 15:36:17 GMT" time="51.244" errors="0">
  <testcase name="execution" time="51.244" classname="AmazonTestID.AgileCockpit.AppleWatch"/>
</testsuite> <!-- AmazonTestID.AgileCockpit.AppleWatch -->
